<?xml version="1.0" encoding="UTF-8"?>
<testng-results skipped="0" failed="0" total="4" passed="4">
  <reporter-output>
  </reporter-output>
  <suite name="Command line suite" duration-ms="42" started-at="2019-03-30T13:38:33Z" finished-at="2019-03-30T13:38:33Z">
    <groups>
    </groups>
    <test name="Command line test" duration-ms="42" started-at="2019-03-30T13:38:33Z" finished-at="2019-03-30T13:38:33Z">
      <class name="com.qa.tests.DemoTest">
        <test-method status="PASS" signature="div()[pri:0, instance:com.qa.tests.DemoTest@7e0ea639]" name="div" duration-ms="18" started-at="2019-03-30T14:38:33Z" finished-at="2019-03-30T14:38:33Z">
          <reporter-output>
          </reporter-output>
        </test-method> <!-- div -->
        <test-method status="PASS" signature="multi()[pri:0, instance:com.qa.tests.DemoTest@7e0ea639]" name="multi" duration-ms="1" started-at="2019-03-30T14:38:33Z" finished-at="2019-03-30T14:38:33Z">
          <reporter-output>
          </reporter-output>
        </test-method> <!-- multi -->
        <test-method status="PASS" signature="sub()[pri:0, instance:com.qa.tests.DemoTest@7e0ea639]" name="sub" duration-ms="0" started-at="2019-03-30T14:38:33Z" finished-at="2019-03-30T14:38:33Z">
          <reporter-output>
          </reporter-output>
        </test-method> <!-- sub -->
        <test-method status="PASS" signature="sum()[pri:0, instance:com.qa.tests.DemoTest@7e0ea639]" name="sum" duration-ms="0" started-at="2019-03-30T14:38:33Z" finished-at="2019-03-30T14:38:33Z">
          <reporter-output>
          </reporter-output>
        </test-method> <!-- sum -->
      </class> <!-- com.qa.tests.DemoTest -->
    </test> <!-- Command line test -->
  </suite> <!-- Command line suite -->
</testng-results>
