<?xml version="1.0" encoding="UTF-8"?>
<testng-results skipped="0" failed="0" total="4" passed="4">
  <reporter-output>
  </reporter-output>
  <suite name="Default suite" duration-ms="38" started-at="2019-03-30T13:46:36Z" finished-at="2019-03-30T13:46:36Z">
    <groups>
    </groups>
    <test name="Default test" duration-ms="38" started-at="2019-03-30T13:46:36Z" finished-at="2019-03-30T13:46:36Z">
      <class name="com.qa.tests.DemoTest">
        <test-method status="PASS" signature="div()[pri:0, instance:com.qa.tests.DemoTest@1810399e]" name="div" duration-ms="11" started-at="2019-03-30T14:46:36Z" finished-at="2019-03-30T14:46:36Z">
          <reporter-output>
          </reporter-output>
        </test-method> <!-- div -->
        <test-method status="PASS" signature="multi()[pri:0, instance:com.qa.tests.DemoTest@1810399e]" name="multi" duration-ms="2" started-at="2019-03-30T14:46:36Z" finished-at="2019-03-30T14:46:36Z">
          <reporter-output>
          </reporter-output>
        </test-method> <!-- multi -->
        <test-method status="PASS" signature="sub()[pri:0, instance:com.qa.tests.DemoTest@1810399e]" name="sub" duration-ms="1" started-at="2019-03-30T14:46:36Z" finished-at="2019-03-30T14:46:36Z">
          <reporter-output>
          </reporter-output>
        </test-method> <!-- sub -->
        <test-method status="PASS" signature="sum()[pri:0, instance:com.qa.tests.DemoTest@1810399e]" name="sum" duration-ms="6" started-at="2019-03-30T14:46:36Z" finished-at="2019-03-30T14:46:36Z">
          <reporter-output>
          </reporter-output>
        </test-method> <!-- sum -->
      </class> <!-- com.qa.tests.DemoTest -->
    </test> <!-- Default test -->
  </suite> <!-- Default suite -->
</testng-results>
