<?xml version="1.0" encoding="UTF-8"?>
<testng-results skipped="0" failed="0" total="1" passed="1">
  <reporter-output>
  </reporter-output>
  <suite name="Command line suite" duration-ms="12" started-at="2019-03-30T13:38:33Z" finished-at="2019-03-30T13:38:33Z">
    <groups>
    </groups>
    <test name="Command line test" duration-ms="12" started-at="2019-03-30T13:38:33Z" finished-at="2019-03-30T13:38:33Z">
      <class name="MyMaven.MyMaven.AppTest">
        <test-method status="PASS" signature="testApp()[pri:0, instance:testApp(MyMaven.MyMaven.AppTest)]" name="testApp" duration-ms="1" started-at="2019-03-30T14:38:33Z" finished-at="2019-03-30T14:38:33Z">
          <reporter-output>
          </reporter-output>
        </test-method> <!-- testApp -->
      </class> <!-- MyMaven.MyMaven.AppTest -->
    </test> <!-- Command line test -->
  </suite> <!-- Command line suite -->
</testng-results>
