<?xml version="1.0" encoding="UTF-8"?>
<!-- Generated by org.testng.reporters.JUnitXMLReporter -->
<testsuite hostname="DESKTOP-689CA9G" name="Default test" tests="4" failures="0" timestamp="30 Mar 2019 13:46:36 GMT" time="0.038" errors="0">
  <testcase name="div" time="0.011" classname="com.qa.tests.DemoTest"/>
  <testcase name="multi" time="0.002" classname="com.qa.tests.DemoTest"/>
  <testcase name="sub" time="0.001" classname="com.qa.tests.DemoTest"/>
  <testcase name="sum" time="0.006" classname="com.qa.tests.DemoTest"/>
</testsuite> <!-- Default test -->
